<?xml version="1.0" encoding="UTF-8"?>
<!-- Generated by org.testng.reporters.JUnitXMLReporter -->
<testsuite ignored="0" hostname="DESKTOP-9M55QQJ" failures="0" tests="2" name="Test" time="13.588" errors="0" timestamp="2023-01-22T14:49:30 IST">
  <testcase classname="neoStoxTest.ValidateNeoStoxUsernameProperties" name="@BeforeMethod LogintoNeostox" time="6.897">
    <failure type="org.openqa.selenium.ElementNotInteractableException" message="element not interactable
  (Session info: chrome=109.0.5414.75)
Build info: version: &amp;apos;4.6.0&amp;apos;, revision: &amp;apos;79f1c02ae20&amp;apos;
System info: os.name: &amp;apos;Windows 11&amp;apos;, os.arch: &amp;apos;amd64&amp;apos;, os.version: &amp;apos;10.0&amp;apos;, java.version: &amp;apos;11.0.15&amp;apos;
Driver info: org.openqa.selenium.chrome.ChromeDriver
Command: [23f70341b08ae5de4346d5d1056e5f3c, clickElement {id=3dc9c3f8-ac4d-488d-bf92-67599577da37}]
Capabilities {acceptInsecureCerts: false, browserName: chrome, browserVersion: 109.0.5414.75, chrome: {chromedriverVersion: 109.0.5414.74 (e7c5703604da..., userDataDir: C:\Users\ASHOK\AppData\Loca...}, goog:chromeOptions: {debuggerAddress: localhost:14636}, networkConnectionEnabled: false, pageLoadStrategy: normal, platformName: WINDOWS, proxy: Proxy(), se:cdp: ws://localhost:14636/devtoo..., se:cdpVersion: 109.0.5414.75, setWindowRect: true, strictFileInteractability: false, timeouts: {implicit: 0, pageLoad: 300000, script: 30000}, unhandledPromptBehavior: dismiss and notify, webauthn:extension:credBlob: true, webauthn:extension:largeBlob: true, webauthn:virtualAuthenticators: true}
Element: [[ChromeDriver: chrome on WINDOWS (23f70341b08ae5de4346d5d1056e5f3c)] -&amp;gt; xpath: (//a[text()=&amp;apos;Close&amp;apos;])[5]]
Session ID: 23f70341b08ae5de4346d5d1056e5f3c">
      <![CDATA[org.openqa.selenium.ElementNotInteractableException: element not interactable
  (Session info: chrome=109.0.5414.75)
Build info: version: '4.6.0', revision: '79f1c02ae20'
System info: os.name: 'Windows 11', os.arch: 'amd64', os.version: '10.0', java.version: '11.0.15'
Driver info: org.openqa.selenium.chrome.ChromeDriver
Command: [23f70341b08ae5de4346d5d1056e5f3c, clickElement {id=3dc9c3f8-ac4d-488d-bf92-67599577da37}]
Capabilities {acceptInsecureCerts: false, browserName: chrome, browserVersion: 109.0.5414.75, chrome: {chromedriverVersion: 109.0.5414.74 (e7c5703604da..., userDataDir: C:\Users\ASHOK\AppData\Loca...}, goog:chromeOptions: {debuggerAddress: localhost:14636}, networkConnectionEnabled: false, pageLoadStrategy: normal, platformName: WINDOWS, proxy: Proxy(), se:cdp: ws://localhost:14636/devtoo..., se:cdpVersion: 109.0.5414.75, setWindowRect: true, strictFileInteractability: false, timeouts: {implicit: 0, pageLoad: 300000, script: 30000}, unhandledPromptBehavior: dismiss and notify, webauthn:extension:credBlob: true, webauthn:extension:largeBlob: true, webauthn:virtualAuthenticators: true}
Element: [[ChromeDriver: chrome on WINDOWS (23f70341b08ae5de4346d5d1056e5f3c)] -> xpath: (//a[text()='Close'])[5]]
Session ID: 23f70341b08ae5de4346d5d1056e5f3c
at org.openqa.selenium.remote.codec.w3c.W3CHttpResponseCodec.createException(W3CHttpResponseCodec.java:200)
at org.openqa.selenium.remote.codec.w3c.W3CHttpResponseCodec.decode(W3CHttpResponseCodec.java:133)
at org.openqa.selenium.remote.codec.w3c.W3CHttpResponseCodec.decode(W3CHttpResponseCodec.java:53)
at org.openqa.selenium.remote.HttpCommandExecutor.execute(HttpCommandExecutor.java:184)
at org.openqa.selenium.remote.service.DriverCommandExecutor.invokeExecute(DriverCommandExecutor.java:167)
at org.openqa.selenium.remote.service.DriverCommandExecutor.execute(DriverCommandExecutor.java:142)
at org.openqa.selenium.remote.RemoteWebDriver.execute(RemoteWebDriver.java:541)
at org.openqa.selenium.remote.RemoteWebElement.execute(RemoteWebElement.java:257)
at org.openqa.selenium.remote.RemoteWebElement.click(RemoteWebElement.java:78)
at org.openqa.selenium.support.pagefactory.internal.LocatingElementHandler.invoke(LocatingElementHandler.java:52)
at com.sun.proxy.$Proxy16.click(Unknown Source)
at neoStoxPOM.NeoStoxHomePage.HandelPopUp(NeoStoxHomePage.java:37)
at neoStoxTest.ValidateNeoStoxUsernameProperties.LogintoNeostox(ValidateNeoStoxUsernameProperties.java:64)
at java.base/java.util.ArrayList.forEach(ArrayList.java:1541)
... Removed 43 stack frames]]>
    </failure>
  </testcase> <!-- @BeforeMethod LogintoNeostox -->
  <testcase classname="neoStoxTest.ValidateNeoStoxUsernameProperties" name="@AfterMethod logout" time="0.0">
    <skipped/>
  </testcase> <!-- @AfterMethod logout -->
  <testcase classname="neoStoxTest.ValidateNeoStoxUsernameProperties" name="@BeforeMethod LogintoNeostox" time="0.0">
    <skipped/>
  </testcase> <!-- @BeforeMethod LogintoNeostox -->
  <testcase classname="neoStoxTest.ValidateNeoStoxUsernameProperties" name="@AfterMethod logout" time="0.0">
    <skipped/>
  </testcase> <!-- @AfterMethod logout -->
  <testcase classname="neoStoxTest.ValidateNeoStoxUsernameProperties" name="@AfterClass closeBrowser" time="0.0">
    <skipped/>
  </testcase> <!-- @AfterClass closeBrowser -->
  <testcase classname="neoStoxTest.ValidateNeoStoxUsernameProperties" name="validateNeoStoxAccBalance" time="0.0">
    <skipped/>
  </testcase> <!-- validateNeoStoxAccBalance -->
  <testcase classname="neoStoxTest.ValidateNeoStoxUsernameProperties" name="validateNeoStoxUserName" time="0.0">
    <skipped/>
  </testcase> <!-- validateNeoStoxUserName -->
</testsuite> <!-- Test -->
