<!DOCTYPE html PUBLIC "-//W3C//DTD XHTML 1.1//EN" "https://www.w3.org/TR/xhtml11/DTD/xhtml11.dtd">
<html xmlns="https://www.w3.org/1999/xhtml">
<head>
<meta http-equiv="content-type" content="text/html; charset=UTF-8"/>
<title>TestNG Report</title>
<style type="text/css">table {margin-bottom:10px;border-collapse:collapse;empty-cells:show}th,td {border:1px solid #009;padding:.25em .5em}th {vertical-align:bottom}td {vertical-align:top}table a {font-weight:bold}.stripe td {background-color: #E6EBF9}.num {text-align:right}.passedodd td {background-color: #3F3}.passedeven td {background-color: #0A0}.skippedodd td {background-color: #DDD}.skippedeven td {background-color: #CCC}.failedodd td,.attn {background-color: #F33}.failedeven td,.stripe .attn {background-color: #D00}.stacktrace {white-space:pre;font-family:monospace}.totop {font-size:85%;text-align:center;border-bottom:2px solid #000}.invisible {display:none}</style>
</head>
<body>
<table>
<tr><th>Test</th><th># Passed</th><th># Skipped</th><th># Retried</th><th># Failed</th><th>Time (ms)</th><th>Included Groups</th><th>Excluded Groups</th></tr>
<tr><th colspan="8">Failed suite [Default suite]</th></tr>
<tr><td><a href="#t0">Default test(failed)</a></td><td class="num">0</td><td class="num attn">2</td><td class="num">0</td><td class="num">0</td><td class="num">18,999</td><td></td><td></td></tr>
</table>
<table id='summary'><thead><tr><th>Class</th><th>Method</th><th>Start</th><th>Time (ms)</th></tr></thead><tbody><tr><th colspan="4">Failed suite [Default suite]</th></tr></tbody><tbody id="t0"><tr><th colspan="4">Default test(failed) &#8212; failed (configuration methods)</th></tr><tr class="failedeven"><td rowspan="1">neoStoxTest.ValidateNeoStoxUsernameProperties</td><td><a href="#m0">LogintoNeostox</a></td><td rowspan="1">1676452028229</td><td rowspan="1">10733</td></tr><tr><th colspan="4">Default test(failed) &#8212; skipped (configuration methods)</th></tr><tr class="skippedeven"><td rowspan="4">neoStoxTest.ValidateNeoStoxUsernameProperties</td><td><a href="#m1">LogintoNeostox</a></td><td rowspan="1">1676452039109</td><td rowspan="1">-1676452039109</td></tr><tr class="skippedeven"><td><a href="#m2">closeBrowser</a></td><td rowspan="1">1676452039123</td><td rowspan="1">-1676452039123</td></tr><tr class="skippedeven"><td><a href="#m3">logout</a></td><td rowspan="2">1676452039120</td><td rowspan="2">-1676452039120</td></tr><tr class="skippedeven"><td><a href="#m4">logout</a></td></tr><tr><th colspan="4">Default test(failed) &#8212; skipped</th></tr><tr class="skippedeven"><td rowspan="2">neoStoxTest.ValidateNeoStoxUsernameProperties</td><td><a href="#m5">validateNeoStoxAccBalance</a></td><td rowspan="1">1676452038982</td><td rowspan="1">0</td></tr><tr class="skippedeven"><td><a href="#m6">validateNeoStoxUserName</a></td><td rowspan="1">1676452039112</td><td rowspan="1">0</td></tr></tbody>
</table>
<h2>Default test(failed)</h2><h3 id="m0">neoStoxTest.ValidateNeoStoxUsernameProperties#LogintoNeostox</h3><table class="result"><tr><th>Messages</th></tr><tr><td><div class="messages">waiting for element<br/>Clicking on sign in button<br/>waiting for element<br/>Reading mobileNum from property file<br/>waiting for element<br/>Entering mobile number<br/>waiting for element<br/>waiting for element<br/>Reading password from property file<br/>waiting for element<br/>Entering password <br/>waiting for element<br/>clicking on submit button<br/>waiting for element<br/>Clicking on ok button of popup<br/>waiting for element</div></td></tr><tr><th>Exception</th></tr><tr><td><div class="stacktrace">org.openqa.selenium.ElementNotInteractableException: element not interactable
  (Session info: chrome=110.0.5481.100)
Build info: version: &apos;4.6.0&apos;, revision: &apos;79f1c02ae20&apos;
System info: os.name: &apos;Windows 11&apos;, os.arch: &apos;amd64&apos;, os.version: &apos;10.0&apos;, java.version: &apos;11.0.15&apos;
Driver info: org.openqa.selenium.chrome.ChromeDriver
Command: [02e7b4fb8d9ce4dca0c8976c8cb415ee, clickElement {id=df37d821-fe14-4e27-938c-926e74638325}]
Capabilities {acceptInsecureCerts: false, browserName: chrome, browserVersion: 110.0.5481.100, chrome: {chromedriverVersion: 109.0.5414.74 (e7c5703604da..., userDataDir: C:\Users\ASHOK\AppData\Loca...}, goog:chromeOptions: {debuggerAddress: localhost:9262}, networkConnectionEnabled: false, pageLoadStrategy: normal, platformName: WINDOWS, proxy: Proxy(), se:cdp: ws://localhost:9262/devtool..., se:cdpVersion: 110.0.5481.100, setWindowRect: true, strictFileInteractability: false, timeouts: {implicit: 0, pageLoad: 300000, script: 30000}, unhandledPromptBehavior: dismiss and notify, webauthn:extension:credBlob: true, webauthn:extension:largeBlob: true, webauthn:virtualAuthenticators: true}
Element: [[ChromeDriver: chrome on WINDOWS (02e7b4fb8d9ce4dca0c8976c8cb415ee)] -&gt; xpath: (//a[text()=&apos;Close&apos;])[5]]
Session ID: 02e7b4fb8d9ce4dca0c8976c8cb415ee
	at org.openqa.selenium.remote.codec.w3c.W3CHttpResponseCodec.createException(W3CHttpResponseCodec.java:200)
	at org.openqa.selenium.remote.codec.w3c.W3CHttpResponseCodec.decode(W3CHttpResponseCodec.java:133)
	at org.openqa.selenium.remote.codec.w3c.W3CHttpResponseCodec.decode(W3CHttpResponseCodec.java:53)
	at org.openqa.selenium.remote.HttpCommandExecutor.execute(HttpCommandExecutor.java:184)
	at org.openqa.selenium.remote.service.DriverCommandExecutor.invokeExecute(DriverCommandExecutor.java:167)
	at org.openqa.selenium.remote.service.DriverCommandExecutor.execute(DriverCommandExecutor.java:142)
	at org.openqa.selenium.remote.RemoteWebDriver.execute(RemoteWebDriver.java:541)
	at org.openqa.selenium.remote.RemoteWebElement.execute(RemoteWebElement.java:257)
	at org.openqa.selenium.remote.RemoteWebElement.click(RemoteWebElement.java:78)
	at org.openqa.selenium.support.pagefactory.internal.LocatingElementHandler.invoke(LocatingElementHandler.java:52)
	at com.sun.proxy.$Proxy19.click(Unknown Source)
	at neoStoxPOM.NeoStoxHomePage.HandelPopUp(NeoStoxHomePage.java:37)
	at neoStoxTest.ValidateNeoStoxUsernameProperties.LogintoNeostox(ValidateNeoStoxUsernameProperties.java:64)
	at java.base/java.util.ArrayList.forEach(ArrayList.java:1541)
... Removed 39 stack frames</div></td></tr></table><p class="totop"><a href="#summary">back to summary</a></p>
<h3 id="m1">neoStoxTest.ValidateNeoStoxUsernameProperties#LogintoNeostox</h3><table class="result"><tr><th class="invisible"/></tr></table><p class="totop"><a href="#summary">back to summary</a></p>
<h3 id="m2">neoStoxTest.ValidateNeoStoxUsernameProperties#closeBrowser</h3><table class="result"><tr><th class="invisible"/></tr></table><p class="totop"><a href="#summary">back to summary</a></p>
<h3 id="m3">neoStoxTest.ValidateNeoStoxUsernameProperties#logout</h3><table class="result"><tr><th class="invisible"/></tr></table><p class="totop"><a href="#summary">back to summary</a></p>
<h3 id="m4">neoStoxTest.ValidateNeoStoxUsernameProperties#logout</h3><table class="result"><tr><th class="invisible"/></tr></table><p class="totop"><a href="#summary">back to summary</a></p>
<h3 id="m5">neoStoxTest.ValidateNeoStoxUsernameProperties#validateNeoStoxAccBalance</h3><table class="result"><tr><th>Messages</th></tr><tr><td><div class="messages">TC validateNeoStoxAccBalance is skipped please check </div></td></tr><tr><th>Exception</th></tr><tr><td><div class="stacktrace">org.openqa.selenium.ElementNotInteractableException: element not interactable
  (Session info: chrome=110.0.5481.100)
Build info: version: &apos;4.6.0&apos;, revision: &apos;79f1c02ae20&apos;
System info: os.name: &apos;Windows 11&apos;, os.arch: &apos;amd64&apos;, os.version: &apos;10.0&apos;, java.version: &apos;11.0.15&apos;
Driver info: org.openqa.selenium.chrome.ChromeDriver
Command: [02e7b4fb8d9ce4dca0c8976c8cb415ee, clickElement {id=df37d821-fe14-4e27-938c-926e74638325}]
Capabilities {acceptInsecureCerts: false, browserName: chrome, browserVersion: 110.0.5481.100, chrome: {chromedriverVersion: 109.0.5414.74 (e7c5703604da..., userDataDir: C:\Users\ASHOK\AppData\Loca...}, goog:chromeOptions: {debuggerAddress: localhost:9262}, networkConnectionEnabled: false, pageLoadStrategy: normal, platformName: WINDOWS, proxy: Proxy(), se:cdp: ws://localhost:9262/devtool..., se:cdpVersion: 110.0.5481.100, setWindowRect: true, strictFileInteractability: false, timeouts: {implicit: 0, pageLoad: 300000, script: 30000}, unhandledPromptBehavior: dismiss and notify, webauthn:extension:credBlob: true, webauthn:extension:largeBlob: true, webauthn:virtualAuthenticators: true}
Element: [[ChromeDriver: chrome on WINDOWS (02e7b4fb8d9ce4dca0c8976c8cb415ee)] -&gt; xpath: (//a[text()=&apos;Close&apos;])[5]]
Session ID: 02e7b4fb8d9ce4dca0c8976c8cb415ee
	at org.openqa.selenium.remote.codec.w3c.W3CHttpResponseCodec.createException(W3CHttpResponseCodec.java:200)
	at org.openqa.selenium.remote.codec.w3c.W3CHttpResponseCodec.decode(W3CHttpResponseCodec.java:133)
	at org.openqa.selenium.remote.codec.w3c.W3CHttpResponseCodec.decode(W3CHttpResponseCodec.java:53)
	at org.openqa.selenium.remote.HttpCommandExecutor.execute(HttpCommandExecutor.java:184)
	at org.openqa.selenium.remote.service.DriverCommandExecutor.invokeExecute(DriverCommandExecutor.java:167)
	at org.openqa.selenium.remote.service.DriverCommandExecutor.execute(DriverCommandExecutor.java:142)
	at org.openqa.selenium.remote.RemoteWebDriver.execute(RemoteWebDriver.java:541)
	at org.openqa.selenium.remote.RemoteWebElement.execute(RemoteWebElement.java:257)
	at org.openqa.selenium.remote.RemoteWebElement.click(RemoteWebElement.java:78)
	at org.openqa.selenium.support.pagefactory.internal.LocatingElementHandler.invoke(LocatingElementHandler.java:52)
	at com.sun.proxy.$Proxy19.click(Unknown Source)
	at neoStoxPOM.NeoStoxHomePage.HandelPopUp(NeoStoxHomePage.java:37)
	at neoStoxTest.ValidateNeoStoxUsernameProperties.LogintoNeostox(ValidateNeoStoxUsernameProperties.java:64)
	at java.base/java.util.ArrayList.forEach(ArrayList.java:1541)
... Removed 39 stack frames</div></td></tr></table><p class="totop"><a href="#summary">back to summary</a></p>
<h3 id="m6">neoStoxTest.ValidateNeoStoxUsernameProperties#validateNeoStoxUserName</h3><table class="result"><tr><th>Messages</th></tr><tr><td><div class="messages">TC validateNeoStoxUserName is skipped please check </div></td></tr><tr><th>Exception</th></tr><tr><td><div class="stacktrace">org.openqa.selenium.ElementNotInteractableException: element not interactable
  (Session info: chrome=110.0.5481.100)
Build info: version: &apos;4.6.0&apos;, revision: &apos;79f1c02ae20&apos;
System info: os.name: &apos;Windows 11&apos;, os.arch: &apos;amd64&apos;, os.version: &apos;10.0&apos;, java.version: &apos;11.0.15&apos;
Driver info: org.openqa.selenium.chrome.ChromeDriver
Command: [02e7b4fb8d9ce4dca0c8976c8cb415ee, clickElement {id=df37d821-fe14-4e27-938c-926e74638325}]
Capabilities {acceptInsecureCerts: false, browserName: chrome, browserVersion: 110.0.5481.100, chrome: {chromedriverVersion: 109.0.5414.74 (e7c5703604da..., userDataDir: C:\Users\ASHOK\AppData\Loca...}, goog:chromeOptions: {debuggerAddress: localhost:9262}, networkConnectionEnabled: false, pageLoadStrategy: normal, platformName: WINDOWS, proxy: Proxy(), se:cdp: ws://localhost:9262/devtool..., se:cdpVersion: 110.0.5481.100, setWindowRect: true, strictFileInteractability: false, timeouts: {implicit: 0, pageLoad: 300000, script: 30000}, unhandledPromptBehavior: dismiss and notify, webauthn:extension:credBlob: true, webauthn:extension:largeBlob: true, webauthn:virtualAuthenticators: true}
Element: [[ChromeDriver: chrome on WINDOWS (02e7b4fb8d9ce4dca0c8976c8cb415ee)] -&gt; xpath: (//a[text()=&apos;Close&apos;])[5]]
Session ID: 02e7b4fb8d9ce4dca0c8976c8cb415ee
	at org.openqa.selenium.remote.codec.w3c.W3CHttpResponseCodec.createException(W3CHttpResponseCodec.java:200)
	at org.openqa.selenium.remote.codec.w3c.W3CHttpResponseCodec.decode(W3CHttpResponseCodec.java:133)
	at org.openqa.selenium.remote.codec.w3c.W3CHttpResponseCodec.decode(W3CHttpResponseCodec.java:53)
	at org.openqa.selenium.remote.HttpCommandExecutor.execute(HttpCommandExecutor.java:184)
	at org.openqa.selenium.remote.service.DriverCommandExecutor.invokeExecute(DriverCommandExecutor.java:167)
	at org.openqa.selenium.remote.service.DriverCommandExecutor.execute(DriverCommandExecutor.java:142)
	at org.openqa.selenium.remote.RemoteWebDriver.execute(RemoteWebDriver.java:541)
	at org.openqa.selenium.remote.RemoteWebElement.execute(RemoteWebElement.java:257)
	at org.openqa.selenium.remote.RemoteWebElement.click(RemoteWebElement.java:78)
	at org.openqa.selenium.support.pagefactory.internal.LocatingElementHandler.invoke(LocatingElementHandler.java:52)
	at com.sun.proxy.$Proxy19.click(Unknown Source)
	at neoStoxPOM.NeoStoxHomePage.HandelPopUp(NeoStoxHomePage.java:37)
	at neoStoxTest.ValidateNeoStoxUsernameProperties.LogintoNeostox(ValidateNeoStoxUsernameProperties.java:64)
	at java.base/java.util.ArrayList.forEach(ArrayList.java:1541)
... Removed 39 stack frames</div></td></tr></table><p class="totop"><a href="#summary">back to summary</a></p>
</body>
</html>
